Flow report for rs232
Wed Dec 07 14:12:20 2022
Quartus II 64-Bit Version 13.1.0 Build 162 10/23/2013 SJ Full Version


---------------------
; Table of Contents ;
---------------------
  1. Legal Notice
  2. Flow Summary
  3. Flow Settings
  4. Flow Non-Default Global Settings
  5. Flow Elapsed Time
  6. Flow OS Summary
  7. Flow Log
  8. Flow Messages
  9. Flow Suppressed Messages



----------------
; Legal Notice ;
----------------
Copyright (C) 1991-2013 Altera Corporation
Your use of Altera Corporation's design tools, logic functions 
and other software and tools, and its AMPP partner logic 
functions, and any output files from any of the foregoing 
(including device programming or simulation files), and any 
associated documentation or information are expressly subject 
to the terms and conditions of the Altera Program License 
Subscription Agreement, Altera MegaCore Function License 
Agreement, or other applicable license agreement, including, 
without limitation, that your use is for the sole purpose of 
programming logic devices manufactured by Altera and sold by 
Altera or its authorized distributors.  Please refer to the 
applicable agreement for further details.



+----------------------------------------------------------------------------------+
; Flow Summary                                                                     ;
+------------------------------------+---------------------------------------------+
; Flow Status                        ; Successful - Wed Dec 07 14:12:20 2022       ;
; Quartus II 64-Bit Version          ; 13.1.0 Build 162 10/23/2013 SJ Full Version ;
; Revision Name                      ; rs232                                       ;
; Top-level Entity Name              ; rs232                                       ;
; Family                             ; Cyclone IV E                                ;
; Device                             ; EP4CE10F17C8                                ;
; Timing Models                      ; Final                                       ;
; Total logic elements               ; 88 / 10,320 ( < 1 % )                       ;
;     Total combinational functions  ; 83 / 10,320 ( < 1 % )                       ;
;     Dedicated logic registers      ; 61 / 10,320 ( < 1 % )                       ;
; Total registers                    ; 61                                          ;
; Total pins                         ; 4 / 180 ( 2 % )                             ;
; Total virtual pins                 ; 0                                           ;
; Total memory bits                  ; 0 / 423,936 ( 0 % )                         ;
; Embedded Multiplier 9-bit elements ; 0 / 46 ( 0 % )                              ;
; Total PLLs                         ; 0 / 2 ( 0 % )                               ;
+------------------------------------+---------------------------------------------+


+-----------------------------------------+
; Flow Settings                           ;
+-------------------+---------------------+
; Option            ; Setting             ;
+-------------------+---------------------+
; Start date & time ; 12/07/2022 14:12:01 ;
; Main task         ; Compilation         ;
; Revision Name     ; rs232               ;
+-------------------+---------------------+


+----------------------------------------------------------------------------------------------------------------------+
; Flow Non-Default Global Settings                                                                                     ;
+--------------------------------------+--------------------------------+---------------+-------------+----------------+
; Assignment Name                      ; Value                          ; Default Value ; Entity Name ; Section Id     ;
+--------------------------------------+--------------------------------+---------------+-------------+----------------+
; COMPILER_SIGNATURE_ID                ; 79965016287671.167039352136992 ; --            ; --          ; --             ;
; EDA_DESIGN_INSTANCE_NAME             ; NA                             ; --            ; --          ; tb_uart_rx     ;
; EDA_DESIGN_INSTANCE_NAME             ; NA                             ; --            ; --          ; tb_uart_tx     ;
; EDA_DESIGN_INSTANCE_NAME             ; NA                             ; --            ; --          ; tb_rs232       ;
; EDA_NATIVELINK_SIMULATION_TEST_BENCH ; tb_rs232                       ; --            ; --          ; eda_simulation ;
; EDA_OUTPUT_DATA_FORMAT               ; Verilog Hdl                    ; --            ; --          ; eda_simulation ;
; EDA_SIMULATION_TOOL                  ; ModelSim (Verilog)             ; <None>        ; --          ; --             ;
; EDA_TEST_BENCH_ENABLE_STATUS         ; TEST_BENCH_MODE                ; --            ; --          ; eda_simulation ;
; EDA_TEST_BENCH_FILE                  ; ../sim/tb_uart_rx.v            ; --            ; --          ; tb_uart_rx     ;
; EDA_TEST_BENCH_FILE                  ; ../sim/tb_uart_tx.v            ; --            ; --          ; tb_uart_tx     ;
; EDA_TEST_BENCH_FILE                  ; ../sim/tb_rs232.v              ; --            ; --          ; tb_rs232       ;
; EDA_TEST_BENCH_MODULE_NAME           ; tb_uart_rx                     ; --            ; --          ; tb_uart_rx     ;
; EDA_TEST_BENCH_MODULE_NAME           ; tb_uart_tx                     ; --            ; --          ; tb_uart_tx     ;
; EDA_TEST_BENCH_MODULE_NAME           ; tb_rs232                       ; --            ; --          ; tb_rs232       ;
; EDA_TEST_BENCH_NAME                  ; tb_uart_rx                     ; --            ; --          ; eda_simulation ;
; EDA_TEST_BENCH_NAME                  ; tb_uart_tx                     ; --            ; --          ; eda_simulation ;
; EDA_TEST_BENCH_NAME                  ; tb_rs232                       ; --            ; --          ; eda_simulation ;
; EDA_TEST_BENCH_RUN_SIM_FOR           ; 1 us                           ; --            ; --          ; tb_uart_rx     ;
; EDA_TEST_BENCH_RUN_SIM_FOR           ; 1 us                           ; --            ; --          ; tb_uart_tx     ;
; EDA_TEST_BENCH_RUN_SIM_FOR           ; 1 us                           ; --            ; --          ; tb_rs232       ;
; EDA_TIME_SCALE                       ; 1 ps                           ; --            ; --          ; eda_simulation ;
; MAX_CORE_JUNCTION_TEMP               ; 85                             ; --            ; --          ; --             ;
; MIN_CORE_JUNCTION_TEMP               ; 0                              ; --            ; --          ; --             ;
; PARTITION_COLOR                      ; 16764057                       ; --            ; --          ; Top            ;
; PARTITION_FITTER_PRESERVATION_LEVEL  ; PLACEMENT_AND_ROUTING          ; --            ; --          ; Top            ;
; PARTITION_NETLIST_TYPE               ; SOURCE                         ; --            ; --          ; Top            ;
; PROJECT_OUTPUT_DIRECTORY             ; output_files                   ; --            ; --          ; --             ;
+--------------------------------------+--------------------------------+---------------+-------------+----------------+


+-------------------------------------------------------------------------------------------------------------------------------+
; Flow Elapsed Time                                                                                                             ;
+---------------------------+--------------+-------------------------+---------------------+------------------------------------+
; Module Name               ; Elapsed Time ; Average Processors Used ; Peak Virtual Memory ; Total CPU Time (on all processors) ;
+---------------------------+--------------+-------------------------+---------------------+------------------------------------+
; Analysis & Synthesis      ; 00:00:02     ; 1.0                     ; 4638 MB             ; 00:00:02                           ;
; Fitter                    ; 00:00:06     ; 1.0                     ; 5363 MB             ; 00:00:06                           ;
; Assembler                 ; 00:00:01     ; 1.0                     ; 4595 MB             ; 00:00:01                           ;
; TimeQuest Timing Analyzer ; 00:00:02     ; 1.0                     ; 4659 MB             ; 00:00:02                           ;
; EDA Netlist Writer        ; 00:00:01     ; 1.0                     ; 4551 MB             ; 00:00:01                           ;
; Total                     ; 00:00:12     ; --                      ; --                  ; 00:00:12                           ;
+---------------------------+--------------+-------------------------+---------------------+------------------------------------+


+----------------------------------------------------------------------------------------+
; Flow OS Summary                                                                        ;
+---------------------------+------------------+-----------+------------+----------------+
; Module Name               ; Machine Hostname ; OS Name   ; OS Version ; Processor type ;
+---------------------------+------------------+-----------+------------+----------------+
; Analysis & Synthesis      ; อุ               ; Windows 7 ; 6.2        ; x86_64         ;
; Fitter                    ; อุ               ; Windows 7 ; 6.2        ; x86_64         ;
; Assembler                 ; อุ               ; Windows 7 ; 6.2        ; x86_64         ;
; TimeQuest Timing Analyzer ; อุ               ; Windows 7 ; 6.2        ; x86_64         ;
; EDA Netlist Writer        ; อุ               ; Windows 7 ; 6.2        ; x86_64         ;
+---------------------------+------------------+-----------+------------+----------------+


------------
; Flow Log ;
------------
quartus_map --read_settings_files=on --write_settings_files=off rs232 -c rs232
quartus_fit --read_settings_files=off --write_settings_files=off rs232 -c rs232
quartus_asm --read_settings_files=off --write_settings_files=off rs232 -c rs232
quartus_sta rs232 -c rs232
quartus_eda --read_settings_files=off --write_settings_files=off rs232 -c rs232



