Flow report for vga_colorbar
Fri Nov 25 19:22:57 2022
Quartus II 64-Bit Version 13.1.0 Build 162 10/23/2013 SJ Full Version


---------------------
; Table of Contents ;
---------------------
  1. Legal Notice
  2. Flow Summary
  3. Flow Settings
  4. Flow Non-Default Global Settings
  5. Flow Elapsed Time
  6. Flow OS Summary
  7. Flow Log
  8. Flow Messages
  9. Flow Suppressed Messages



----------------
; Legal Notice ;
----------------
Copyright (C) 1991-2013 Altera Corporation
Your use of Altera Corporation's design tools, logic functions 
and other software and tools, and its AMPP partner logic 
functions, and any output files from any of the foregoing 
(including device programming or simulation files), and any 
associated documentation or information are expressly subject 
to the terms and conditions of the Altera Program License 
Subscription Agreement, Altera MegaCore Function License 
Agreement, or other applicable license agreement, including, 
without limitation, that your use is for the sole purpose of 
programming logic devices manufactured by Altera and sold by 
Altera or its authorized distributors.  Please refer to the 
applicable agreement for further details.



+----------------------------------------------------------------------------------+
; Flow Summary                                                                     ;
+------------------------------------+---------------------------------------------+
; Flow Status                        ; Successful - Fri Nov 25 19:22:57 2022       ;
; Quartus II 64-Bit Version          ; 13.1.0 Build 162 10/23/2013 SJ Full Version ;
; Revision Name                      ; vga_colorbar                                ;
; Top-level Entity Name              ; vga_colorbar                                ;
; Family                             ; Cyclone IV E                                ;
; Device                             ; EP4CE10F17C8                                ;
; Timing Models                      ; Final                                       ;
; Total logic elements               ; 87 / 10,320 ( < 1 % )                       ;
;     Total combinational functions  ; 87 / 10,320 ( < 1 % )                       ;
;     Dedicated logic registers      ; 28 / 10,320 ( < 1 % )                       ;
; Total registers                    ; 28                                          ;
; Total pins                         ; 20 / 180 ( 11 % )                           ;
; Total virtual pins                 ; 0                                           ;
; Total memory bits                  ; 0 / 423,936 ( 0 % )                         ;
; Embedded Multiplier 9-bit elements ; 0 / 46 ( 0 % )                              ;
; Total PLLs                         ; 1 / 2 ( 50 % )                              ;
+------------------------------------+---------------------------------------------+


+-----------------------------------------+
; Flow Settings                           ;
+-------------------+---------------------+
; Option            ; Setting             ;
+-------------------+---------------------+
; Start date & time ; 11/25/2022 19:22:28 ;
; Main task         ; Compilation         ;
; Revision Name     ; vga_colorbar        ;
+-------------------+---------------------+


+------------------------------------------------------------------------------------------------------------------------------+
; Flow Non-Default Global Settings                                                                                             ;
+--------------------------------------+---------------------------------------+---------------+-------------+-----------------+
; Assignment Name                      ; Value                                 ; Default Value ; Entity Name ; Section Id      ;
+--------------------------------------+---------------------------------------+---------------+-------------+-----------------+
; COMPILER_SIGNATURE_ID                ; 79965016287671.166937534810616        ; --            ; --          ; --              ;
; EDA_DESIGN_INSTANCE_NAME             ; NA                                    ; --            ; --          ; tb_vga_colorbar ;
; EDA_NATIVELINK_SIMULATION_TEST_BENCH ; tb_vga_colorbar                       ; --            ; --          ; eda_simulation  ;
; EDA_OUTPUT_DATA_FORMAT               ; Verilog Hdl                           ; --            ; --          ; eda_simulation  ;
; EDA_SIMULATION_TOOL                  ; ModelSim (Verilog)                    ; <None>        ; --          ; --              ;
; EDA_TEST_BENCH_ENABLE_STATUS         ; TEST_BENCH_MODE                       ; --            ; --          ; eda_simulation  ;
; EDA_TEST_BENCH_FILE                  ; ../1sim/tb_vga_colorbar.v             ; --            ; --          ; tb_vga_colorbar ;
; EDA_TEST_BENCH_MODULE_NAME           ; tb_vga_colorbar                       ; --            ; --          ; tb_vga_colorbar ;
; EDA_TEST_BENCH_NAME                  ; tb_vga_colorbar                       ; --            ; --          ; eda_simulation  ;
; EDA_TEST_BENCH_RUN_SIM_FOR           ; 1 us                                  ; --            ; --          ; tb_vga_colorbar ;
; EDA_TIME_SCALE                       ; 1 ps                                  ; --            ; --          ; eda_simulation  ;
; IP_TOOL_NAME                         ; ALTPLL                                ; --            ; --          ; --              ;
; IP_TOOL_VERSION                      ; 13.1                                  ; --            ; --          ; --              ;
; MAX_CORE_JUNCTION_TEMP               ; 85                                    ; --            ; --          ; --              ;
; MIN_CORE_JUNCTION_TEMP               ; 0                                     ; --            ; --          ; --              ;
; MISC_FILE                            ; ip_core/vga_clk/vga_clk_inst.v        ; --            ; --          ; --              ;
; MISC_FILE                            ; ip_core/vga_clk/vga_clk.ppf           ; --            ; --          ; --              ;
; NOMINAL_CORE_SUPPLY_VOLTAGE          ; 1.2V                                  ; --            ; --          ; --              ;
; PARTITION_COLOR                      ; 16764057                              ; --            ; --          ; Top             ;
; PARTITION_FITTER_PRESERVATION_LEVEL  ; PLACEMENT_AND_ROUTING                 ; --            ; --          ; Top             ;
; PARTITION_NETLIST_TYPE               ; SOURCE                                ; --            ; --          ; Top             ;
; POWER_BOARD_THERMAL_MODEL            ; None (CONSERVATIVE)                   ; --            ; --          ; --              ;
; POWER_PRESET_COOLING_SOLUTION        ; 23 MM HEAT SINK WITH 200 LFPM AIRFLOW ; --            ; --          ; --              ;
; PROJECT_OUTPUT_DIRECTORY             ; output_files                          ; --            ; --          ; --              ;
+--------------------------------------+---------------------------------------+---------------+-------------+-----------------+


+-------------------------------------------------------------------------------------------------------------------------------+
; Flow Elapsed Time                                                                                                             ;
+---------------------------+--------------+-------------------------+---------------------+------------------------------------+
; Module Name               ; Elapsed Time ; Average Processors Used ; Peak Virtual Memory ; Total CPU Time (on all processors) ;
+---------------------------+--------------+-------------------------+---------------------+------------------------------------+
; Analysis & Synthesis      ; 00:00:03     ; 1.0                     ; 4659 MB             ; 00:00:02                           ;
; Fitter                    ; 00:00:09     ; 1.0                     ; 5359 MB             ; 00:00:06                           ;
; Assembler                 ; 00:00:01     ; 1.0                     ; 4591 MB             ; 00:00:01                           ;
; TimeQuest Timing Analyzer ; 00:00:04     ; 1.0                     ; 4659 MB             ; 00:00:03                           ;
; EDA Netlist Writer        ; 00:00:01     ; 1.0                     ; 4546 MB             ; 00:00:01                           ;
; Total                     ; 00:00:18     ; --                      ; --                  ; 00:00:13                           ;
+---------------------------+--------------+-------------------------+---------------------+------------------------------------+


+----------------------------------------------------------------------------------------+
; Flow OS Summary                                                                        ;
+---------------------------+------------------+-----------+------------+----------------+
; Module Name               ; Machine Hostname ; OS Name   ; OS Version ; Processor type ;
+---------------------------+------------------+-----------+------------+----------------+
; Analysis & Synthesis      ; อุ               ; Windows 7 ; 6.2        ; x86_64         ;
; Fitter                    ; อุ               ; Windows 7 ; 6.2        ; x86_64         ;
; Assembler                 ; อุ               ; Windows 7 ; 6.2        ; x86_64         ;
; TimeQuest Timing Analyzer ; อุ               ; Windows 7 ; 6.2        ; x86_64         ;
; EDA Netlist Writer        ; อุ               ; Windows 7 ; 6.2        ; x86_64         ;
+---------------------------+------------------+-----------+------------+----------------+


------------
; Flow Log ;
------------
quartus_map --read_settings_files=on --write_settings_files=off vga_colorbar -c vga_colorbar
quartus_fit --read_settings_files=off --write_settings_files=off vga_colorbar -c vga_colorbar
quartus_asm --read_settings_files=off --write_settings_files=off vga_colorbar -c vga_colorbar
quartus_sta vga_colorbar -c vga_colorbar
quartus_eda --read_settings_files=off --write_settings_files=off vga_colorbar -c vga_colorbar



