Flow report for fifo
Sat Jul 02 14:28:12 2022
Quartus II 64-Bit Version 13.1.0 Build 162 10/23/2013 SJ Full Version


---------------------
; Table of Contents ;
---------------------
  1. Legal Notice
  2. Flow Summary
  3. Flow Settings
  4. Flow Non-Default Global Settings
  5. Flow Elapsed Time
  6. Flow OS Summary
  7. Flow Log
  8. Flow Messages
  9. Flow Suppressed Messages



----------------
; Legal Notice ;
----------------
Copyright (C) 1991-2013 Altera Corporation
Your use of Altera Corporation's design tools, logic functions 
and other software and tools, and its AMPP partner logic 
functions, and any output files from any of the foregoing 
(including device programming or simulation files), and any 
associated documentation or information are expressly subject 
to the terms and conditions of the Altera Program License 
Subscription Agreement, Altera MegaCore Function License 
Agreement, or other applicable license agreement, including, 
without limitation, that your use is for the sole purpose of 
programming logic devices manufactured by Altera and sold by 
Altera or its authorized distributors.  Please refer to the 
applicable agreement for further details.



+----------------------------------------------------------------------------------+
; Flow Summary                                                                     ;
+------------------------------------+---------------------------------------------+
; Flow Status                        ; Successful - Sat Jul 02 14:28:12 2022       ;
; Quartus II 64-Bit Version          ; 13.1.0 Build 162 10/23/2013 SJ Full Version ;
; Revision Name                      ; fifo                                        ;
; Top-level Entity Name              ; fifo                                        ;
; Family                             ; Cyclone IV E                                ;
; Device                             ; EP4CE10F17C8                                ;
; Timing Models                      ; Final                                       ;
; Total logic elements               ; 35 / 10,320 ( < 1 % )                       ;
;     Total combinational functions  ; 35 / 10,320 ( < 1 % )                       ;
;     Dedicated logic registers      ; 26 / 10,320 ( < 1 % )                       ;
; Total registers                    ; 26                                          ;
; Total pins                         ; 29 / 180 ( 16 % )                           ;
; Total virtual pins                 ; 0                                           ;
; Total memory bits                  ; 2,048 / 423,936 ( < 1 % )                   ;
; Embedded Multiplier 9-bit elements ; 0 / 46 ( 0 % )                              ;
; Total PLLs                         ; 0 / 2 ( 0 % )                               ;
+------------------------------------+---------------------------------------------+


+-----------------------------------------+
; Flow Settings                           ;
+-------------------+---------------------+
; Option            ; Setting             ;
+-------------------+---------------------+
; Start date & time ; 07/02/2022 14:27:54 ;
; Main task         ; Compilation         ;
; Revision Name     ; fifo                ;
+-------------------+---------------------+


+-----------------------------------------------------------------------------------------------------------------------------------------------+
; Flow Non-Default Global Settings                                                                                                              ;
+--------------------------------------+---------------------------------------------------------+---------------+-------------+----------------+
; Assignment Name                      ; Value                                                   ; Default Value ; Entity Name ; Section Id     ;
+--------------------------------------+---------------------------------------------------------+---------------+-------------+----------------+
; COMPILER_SIGNATURE_ID                ; 79965016287671.165674327417812                          ; --            ; --          ; --             ;
; EDA_DESIGN_INSTANCE_NAME             ; NA                                                      ; --            ; --          ; tb_dcfifo      ;
; EDA_DESIGN_INSTANCE_NAME             ; NA                                                      ; --            ; --          ; tb_fifo        ;
; EDA_NATIVELINK_SIMULATION_TEST_BENCH ; tb_fifo                                                 ; --            ; --          ; eda_simulation ;
; EDA_OUTPUT_DATA_FORMAT               ; Verilog Hdl                                             ; --            ; --          ; eda_simulation ;
; EDA_SIMULATION_TOOL                  ; ModelSim (Verilog)                                      ; <None>        ; --          ; --             ;
; EDA_TEST_BENCH_ENABLE_STATUS         ; TEST_BENCH_MODE                                         ; --            ; --          ; eda_simulation ;
; EDA_TEST_BENCH_FILE                  ; ../sim/tb_dcfifo.v                                      ; --            ; --          ; tb_dcfifo      ;
; EDA_TEST_BENCH_FILE                  ; ../sim/tb_fifo.v                                        ; --            ; --          ; tb_fifo        ;
; EDA_TEST_BENCH_FILE                  ; ipcore/scfifo_8x256/scfifo_8x256.v                      ; --            ; --          ; tb_fifo        ;
; EDA_TEST_BENCH_MODULE_NAME           ; tb_dcfifo                                               ; --            ; --          ; tb_dcfifo      ;
; EDA_TEST_BENCH_MODULE_NAME           ; tb_fifo                                                 ; --            ; --          ; tb_fifo        ;
; EDA_TEST_BENCH_NAME                  ; tb_dcfifo                                               ; --            ; --          ; eda_simulation ;
; EDA_TEST_BENCH_NAME                  ; tb_fifo                                                 ; --            ; --          ; eda_simulation ;
; EDA_TEST_BENCH_RUN_SIM_FOR           ; 1 us                                                    ; --            ; --          ; tb_dcfifo      ;
; EDA_TEST_BENCH_RUN_SIM_FOR           ; 1 us                                                    ; --            ; --          ; tb_fifo        ;
; EDA_TIME_SCALE                       ; 1 ps                                                    ; --            ; --          ; eda_simulation ;
; IP_TOOL_NAME                         ; FIFO                                                    ; --            ; --          ; --             ;
; IP_TOOL_NAME                         ; FIFO                                                    ; --            ; --          ; --             ;
; IP_TOOL_VERSION                      ; 13.1                                                    ; --            ; --          ; --             ;
; IP_TOOL_VERSION                      ; 13.1                                                    ; --            ; --          ; --             ;
; MAX_CORE_JUNCTION_TEMP               ; 85                                                      ; --            ; --          ; --             ;
; MIN_CORE_JUNCTION_TEMP               ; 0                                                       ; --            ; --          ; --             ;
; MISC_FILE                            ; ipcore/scfifo_8x256/scfifo_8x256_inst.v                 ; --            ; --          ; --             ;
; MISC_FILE                            ; ipcore/dcfifo_8x256to16x128/dcfifo_8x256to16x128_inst.v ; --            ; --          ; --             ;
; NOMINAL_CORE_SUPPLY_VOLTAGE          ; 1.2V                                                    ; --            ; --          ; --             ;
; PARTITION_COLOR                      ; 16764057                                                ; --            ; --          ; Top            ;
; PARTITION_FITTER_PRESERVATION_LEVEL  ; PLACEMENT_AND_ROUTING                                   ; --            ; --          ; Top            ;
; PARTITION_NETLIST_TYPE               ; SOURCE                                                  ; --            ; --          ; Top            ;
; POWER_BOARD_THERMAL_MODEL            ; None (CONSERVATIVE)                                     ; --            ; --          ; --             ;
; POWER_PRESET_COOLING_SOLUTION        ; 23 MM HEAT SINK WITH 200 LFPM AIRFLOW                   ; --            ; --          ; --             ;
; PROJECT_OUTPUT_DIRECTORY             ; output_files                                            ; --            ; --          ; --             ;
+--------------------------------------+---------------------------------------------------------+---------------+-------------+----------------+


+-------------------------------------------------------------------------------------------------------------------------------+
; Flow Elapsed Time                                                                                                             ;
+---------------------------+--------------+-------------------------+---------------------+------------------------------------+
; Module Name               ; Elapsed Time ; Average Processors Used ; Peak Virtual Memory ; Total CPU Time (on all processors) ;
+---------------------------+--------------+-------------------------+---------------------+------------------------------------+
; Analysis & Synthesis      ; 00:00:02     ; 1.0                     ; 4650 MB             ; 00:00:02                           ;
; Fitter                    ; 00:00:05     ; 2.2                     ; 5365 MB             ; 00:00:06                           ;
; Assembler                 ; 00:00:01     ; 1.0                     ; 4580 MB             ; 00:00:01                           ;
; TimeQuest Timing Analyzer ; 00:00:02     ; 1.0                     ; 4659 MB             ; 00:00:02                           ;
; EDA Netlist Writer        ; 00:00:00     ; 1.0                     ; 4551 MB             ; 00:00:01                           ;
; Total                     ; 00:00:10     ; --                      ; --                  ; 00:00:12                           ;
+---------------------------+--------------+-------------------------+---------------------+------------------------------------+


+----------------------------------------------------------------------------------------+
; Flow OS Summary                                                                        ;
+---------------------------+------------------+-----------+------------+----------------+
; Module Name               ; Machine Hostname ; OS Name   ; OS Version ; Processor type ;
+---------------------------+------------------+-----------+------------+----------------+
; Analysis & Synthesis      ; อุ               ; Windows 7 ; 6.2        ; x86_64         ;
; Fitter                    ; อุ               ; Windows 7 ; 6.2        ; x86_64         ;
; Assembler                 ; อุ               ; Windows 7 ; 6.2        ; x86_64         ;
; TimeQuest Timing Analyzer ; อุ               ; Windows 7 ; 6.2        ; x86_64         ;
; EDA Netlist Writer        ; อุ               ; Windows 7 ; 6.2        ; x86_64         ;
+---------------------------+------------------+-----------+------------+----------------+


------------
; Flow Log ;
------------
quartus_map --read_settings_files=on --write_settings_files=off fifo -c fifo
quartus_fit --read_settings_files=off --write_settings_files=off fifo -c fifo
quartus_asm --read_settings_files=off --write_settings_files=off fifo -c fifo
quartus_sta fifo -c fifo
quartus_eda --read_settings_files=off --write_settings_files=off fifo -c fifo



